[INFO  - 2018-06-07T07:39:24.991Z] GhostDriver - Main - running on port 61687
[INFO  - 2018-06-07T07:39:29.487Z] Session [e945cc80-6a25-11e8-8141-5f6f7213e703] - page.settings - {"XSSAuditingEnabled":false,"javascriptCanCloseWindows":true,"javascriptCanOpenWindows":true,"javascriptEnabled":true,"loadImages":true,"localToRemoteUrlAccessEnabled":false,"userAgent":"Mozilla/5.0 (Windows NT 6.2; WOW64) AppleWebKit/538.1 (KHTML, like Gecko) PhantomJS/2.1.1 Safari/538.1","webSecurityEnabled":true}
[INFO  - 2018-06-07T07:39:29.488Z] Session [e945cc80-6a25-11e8-8141-5f6f7213e703] - page.customHeaders:  - {}
[INFO  - 2018-06-07T07:39:29.488Z] Session [e945cc80-6a25-11e8-8141-5f6f7213e703] - Session.negotiatedCapabilities - {"browserName":"phantomjs","version":"2.1.1","driverName":"ghostdriver","driverVersion":"1.2.0","platform":"windows-10-32bit","javascriptEnabled":true,"takesScreenshot":true,"handlesAlerts":false,"databaseEnabled":false,"locationContextEnabled":false,"applicationCacheEnabled":false,"browserConnectionEnabled":false,"cssSelectorsEnabled":true,"webStorageEnabled":false,"rotatable":false,"acceptSslCerts":false,"nativeEvents":true,"proxy":{"proxyType":"direct"}}
[INFO  - 2018-06-07T07:39:29.488Z] SessionManagerReqHand - _postNewSessionCommand - New Session Created: e945cc80-6a25-11e8-8141-5f6f7213e703
[ERROR - 2018-06-07T07:39:31.782Z] Session [e945cc80-6a25-11e8-8141-5f6f7213e703] - page.onError - msg: kg/search-suggest/6.3.1/index is not loaded! can not find module in path : https://g.alicdn.com/kg/??search-suggest/6.3.1/index-min.js,search-suggest/6.3.1/plugin/history-min.js,search-suggest/6.3.1/plugin/cloud-min.js,search-suggest/6.3.1/plugin/tab-min.js,search-suggest/6.3.1/plugin/history-magic-min.js,search-suggest/6.3.1/plugin/imgsearch-min.js,search-suggest/6.3.1/theme/pailitao/index-min.js

  phantomjs://platform/console++.js:263 in error
[ERROR - 2018-06-07T07:39:31.783Z] Session [e945cc80-6a25-11e8-8141-5f6f7213e703] - page.onError - stack:
  (anonymous function) (https://g.alicdn.com/??kissy/k/6.2.4/seed-min.js,kg/global-util/1.0.7/index-min.js,tb/tracker/4.2.1/p/index/index.js,kg/tb-nav/2.5.3/index-min.js,secdev/sufei_data/3.3.5/index.js:5)

  phantomjs://platform/console++.js:263 in error
[ERROR - 2018-06-07T07:39:31.783Z] Session [e945cc80-6a25-11e8-8141-5f6f7213e703] - page.onError - msg: kg/search-suggest/6.3.1/plugin/history is not loaded! can not find module in path : https://g.alicdn.com/kg/??search-suggest/6.3.1/index-min.js,search-suggest/6.3.1/plugin/history-min.js,search-suggest/6.3.1/plugin/cloud-min.js,search-suggest/6.3.1/plugin/tab-min.js,search-suggest/6.3.1/plugin/history-magic-min.js,search-suggest/6.3.1/plugin/imgsearch-min.js,search-suggest/6.3.1/theme/pailitao/index-min.js

  phantomjs://platform/console++.js:263 in error
[ERROR - 2018-06-07T07:39:31.784Z] Session [e945cc80-6a25-11e8-8141-5f6f7213e703] - page.onError - stack:
  (anonymous function) (https://g.alicdn.com/??kissy/k/6.2.4/seed-min.js,kg/global-util/1.0.7/index-min.js,tb/tracker/4.2.1/p/index/index.js,kg/tb-nav/2.5.3/index-min.js,secdev/sufei_data/3.3.5/index.js:5)

  phantomjs://platform/console++.js:263 in error
[ERROR - 2018-06-07T07:39:31.784Z] Session [e945cc80-6a25-11e8-8141-5f6f7213e703] - page.onError - msg: kg/search-suggest/6.3.1/plugin/cloud is not loaded! can not find module in path : https://g.alicdn.com/kg/??search-suggest/6.3.1/index-min.js,search-suggest/6.3.1/plugin/history-min.js,search-suggest/6.3.1/plugin/cloud-min.js,search-suggest/6.3.1/plugin/tab-min.js,search-suggest/6.3.1/plugin/history-magic-min.js,search-suggest/6.3.1/plugin/imgsearch-min.js,search-suggest/6.3.1/theme/pailitao/index-min.js

  phantomjs://platform/console++.js:263 in error
[ERROR - 2018-06-07T07:39:31.784Z] Session [e945cc80-6a25-11e8-8141-5f6f7213e703] - page.onError - stack:
  (anonymous function) (https://g.alicdn.com/??kissy/k/6.2.4/seed-min.js,kg/global-util/1.0.7/index-min.js,tb/tracker/4.2.1/p/index/index.js,kg/tb-nav/2.5.3/index-min.js,secdev/sufei_data/3.3.5/index.js:5)

  phantomjs://platform/console++.js:263 in error
[ERROR - 2018-06-07T07:39:31.785Z] Session [e945cc80-6a25-11e8-8141-5f6f7213e703] - page.onError - msg: kg/search-suggest/6.3.1/plugin/tab is not loaded! can not find module in path : https://g.alicdn.com/kg/??search-suggest/6.3.1/index-min.js,search-suggest/6.3.1/plugin/history-min.js,search-suggest/6.3.1/plugin/cloud-min.js,search-suggest/6.3.1/plugin/tab-min.js,search-suggest/6.3.1/plugin/history-magic-min.js,search-suggest/6.3.1/plugin/imgsearch-min.js,search-suggest/6.3.1/theme/pailitao/index-min.js

  phantomjs://platform/console++.js:263 in error
[ERROR - 2018-06-07T07:39:31.785Z] Session [e945cc80-6a25-11e8-8141-5f6f7213e703] - page.onError - stack:
  (anonymous function) (https://g.alicdn.com/??kissy/k/6.2.4/seed-min.js,kg/global-util/1.0.7/index-min.js,tb/tracker/4.2.1/p/index/index.js,kg/tb-nav/2.5.3/index-min.js,secdev/sufei_data/3.3.5/index.js:5)

  phantomjs://platform/console++.js:263 in error
[ERROR - 2018-06-07T07:39:31.786Z] Session [e945cc80-6a25-11e8-8141-5f6f7213e703] - page.onError - msg: kg/search-suggest/6.3.1/plugin/history-magic is not loaded! can not find module in path : https://g.alicdn.com/kg/??search-suggest/6.3.1/index-min.js,search-suggest/6.3.1/plugin/history-min.js,search-suggest/6.3.1/plugin/cloud-min.js,search-suggest/6.3.1/plugin/tab-min.js,search-suggest/6.3.1/plugin/history-magic-min.js,search-suggest/6.3.1/plugin/imgsearch-min.js,search-suggest/6.3.1/theme/pailitao/index-min.js

  phantomjs://platform/console++.js:263 in error
[ERROR - 2018-06-07T07:39:31.786Z] Session [e945cc80-6a25-11e8-8141-5f6f7213e703] - page.onError - stack:
  (anonymous function) (https://g.alicdn.com/??kissy/k/6.2.4/seed-min.js,kg/global-util/1.0.7/index-min.js,tb/tracker/4.2.1/p/index/index.js,kg/tb-nav/2.5.3/index-min.js,secdev/sufei_data/3.3.5/index.js:5)

  phantomjs://platform/console++.js:263 in error
[ERROR - 2018-06-07T07:39:31.786Z] Session [e945cc80-6a25-11e8-8141-5f6f7213e703] - page.onError - msg: kg/search-suggest/6.3.1/plugin/imgsearch is not loaded! can not find module in path : https://g.alicdn.com/kg/??search-suggest/6.3.1/index-min.js,search-suggest/6.3.1/plugin/history-min.js,search-suggest/6.3.1/plugin/cloud-min.js,search-suggest/6.3.1/plugin/tab-min.js,search-suggest/6.3.1/plugin/history-magic-min.js,search-suggest/6.3.1/plugin/imgsearch-min.js,search-suggest/6.3.1/theme/pailitao/index-min.js

  phantomjs://platform/console++.js:263 in error
[ERROR - 2018-06-07T07:39:31.787Z] Session [e945cc80-6a25-11e8-8141-5f6f7213e703] - page.onError - stack:
  (anonymous function) (https://g.alicdn.com/??kissy/k/6.2.4/seed-min.js,kg/global-util/1.0.7/index-min.js,tb/tracker/4.2.1/p/index/index.js,kg/tb-nav/2.5.3/index-min.js,secdev/sufei_data/3.3.5/index.js:5)

  phantomjs://platform/console++.js:263 in error
[ERROR - 2018-06-07T07:39:31.787Z] Session [e945cc80-6a25-11e8-8141-5f6f7213e703] - page.onError - msg: kg/search-suggest/6.3.1/theme/pailitao/index is not loaded! can not find module in path : https://g.alicdn.com/kg/??search-suggest/6.3.1/index-min.js,search-suggest/6.3.1/plugin/history-min.js,search-suggest/6.3.1/plugin/cloud-min.js,search-suggest/6.3.1/plugin/tab-min.js,search-suggest/6.3.1/plugin/history-magic-min.js,search-suggest/6.3.1/plugin/imgsearch-min.js,search-suggest/6.3.1/theme/pailitao/index-min.js

  phantomjs://platform/console++.js:263 in error
[ERROR - 2018-06-07T07:39:31.787Z] Session [e945cc80-6a25-11e8-8141-5f6f7213e703] - page.onError - stack:
  (anonymous function) (https://g.alicdn.com/??kissy/k/6.2.4/seed-min.js,kg/global-util/1.0.7/index-min.js,tb/tracker/4.2.1/p/index/index.js,kg/tb-nav/2.5.3/index-min.js,secdev/sufei_data/3.3.5/index.js:5)

  phantomjs://platform/console++.js:263 in error
